[00:08:37] [Server thread/WARN] [FML]: End: Reborn loaded a new chunk [-48, -95] in dimension 1 (the_end) while populating chunk [-47, -95], causing cascading worldgen lag.
[00:08:37] [Server thread/WARN] [FML]: Please report this to the mod's issue tracker. This log can be disabled in the Forge config.
[00:08:37] [Server thread/WARN] [FML]: End: Reborn loaded a new chunk [-48, -96] in dimension 1 (the_end) while populating chunk [-47, -95], causing cascading worldgen lag.
[00:08:37] [Server thread/WARN] [FML]: Please report this to the mod's issue tracker. This log can be disabled in the Forge config.
[00:08:37] [Server thread/WARN] [FML]: End: Reborn loaded a new chunk [-47, -96] in dimension 1 (the_end) while populating chunk [-46, -95], causing cascading worldgen lag.
[00:08:37] [Server thread/WARN] [FML]: Please report this to the mod's issue tracker. This log can be disabled in the Forge config.
[00:09:09] [Server thread/WARN] [FML]: End: Reborn loaded a new chunk [-31, -87] in dimension 1 (the_end) while populating chunk [-31, -86], causing cascading worldgen lag.
[00:09:09] [Server thread/WARN] [FML]: Please report this to the mod's issue tracker. This log can be disabled in the Forge config.
[00:09:09] [Server thread/WARN] [FML]: End: Reborn loaded a new chunk [-31, -88] in dimension 1 (the_end) while populating chunk [-31, -87], causing cascading worldgen lag.
[00:09:09] [Server thread/WARN] [FML]: Please report this to the mod's issue tracker. This log can be disabled in the Forge config.
[00:09:21] [Server thread/WARN] [FML]: End: Reborn loaded a new chunk [-30, -83] in dimension 1 (the_end) while populating chunk [-30, -82], causing cascading worldgen lag.
[00:09:21] [Server thread/WARN] [FML]: Please report this to the mod's issue tracker. This log can be disabled in the Forge config.
[00:09:23] [Server thread/WARN] [FML]: End: Reborn loaded a new chunk [-30, -85] in dimension 1 (the_end) while populating chunk [-29, -84], causing cascading worldgen lag.
[00:09:23] [Server thread/WARN] [FML]: Please report this to the mod's issue tracker. This log can be disabled in the Forge config.
[00:09:23] [Server thread/WARN] [FML]: End: Reborn loaded a new chunk [-29, -85] in dimension 1 (the_end) while populating chunk [-29, -84], causing cascading worldgen lag.
[00:09:23] [Server thread/WARN] [FML]: Please report this to the mod's issue tracker. This log can be disabled in the Forge config.
[00:10:40] [Server thread/WARN] [FML]: End: Reborn loaded a new chunk [-28, -84] in dimension 1 (the_end) while populating chunk [-28, -83], causing cascading worldgen lag.
[00:10:40] [Server thread/WARN] [FML]: Please report this to the mod's issue tracker. This log can be disabled in the Forge config.
[00:10:40] [Server thread/WARN] [FML]: End: Reborn loaded a new chunk [-28, -85] in dimension 1 (the_end) while populating chunk [-28, -84], causing cascading worldgen lag.
[00:10:40] [Server thread/WARN] [FML]: Please report this to the mod's issue tracker. This log can be disabled in the Forge config.
[00:22:19] [Server thread/INFO] [net.minecraft.server.dedicated.DedicatedServer]: Lupizdrik_2 was slain by Enderman
[00:22:26] [Server thread/INFO] [THAUMCRAFT]: Removing aura cache for world 1
[00:22:27] [Server thread/INFO] [FML]: Unloading dimension 1
[00:22:28] [Thread-300/INFO] [THAUMCRAFT]: Stopping aura thread for dim 1
[00:30:05] [Server thread/INFO] [net.minecraft.network.NetHandlerPlayServer]: Lupizdrik_2 lost connection: Disconnected
[00:30:05] [Server thread/INFO] [net.minecraft.server.dedicated.DedicatedServer]: Lupizdrik_2 left the game
[00:30:20] [Server thread/INFO] [net.minecraft.server.dedicated.DedicatedServer]: Stopping the server
[00:30:20] [Server thread/INFO] [net.minecraft.server.MinecraftServer]: Stopping server
[00:30:20] [Server thread/INFO] [net.minecraft.server.MinecraftServer]: Saving players
[00:30:20] [Server thread/INFO] [net.minecraft.server.MinecraftServer]: Saving worlds
[00:30:20] [Server thread/INFO] [net.minecraft.server.MinecraftServer]: Saving chunks for level 'world'/overworld
[00:30:20] [Server thread/INFO] [THAUMCRAFT]: Removing aura cache for world 0
[00:30:20] [Server thread/INFO] [FML]: Unloading dimension 0
[00:30:20] [Server Shutdown Thread/INFO] [net.minecraft.server.MinecraftServer]: Stopping server
